the beatles
the apples
the bagels
the cereals
the cockles
the corals
the lentils
the mussels
the noodles
the pineapples
the pretzels
the saddles
the sorrels
the sprinkles
the truffles
the vegetables
the waffles
the winkles


bob dylan
bob melon
bob muskmelon
bob watermelon


elvis presley


the rolling stones
the duckling stones
the dumpling stones
the sparling stones
the rolling scones


chuck berry
chuck cherry


jimi hendrix


james brown
games brown


little richard
lentil richard


aretha franklin


ray charles


bob marley


the beach boys


buddy holly
buddy bialy


led zeppelin


stevie wonder
stevie flounder


sam cooke


muddy watters
muddy butters
muddy eaters
muddy frankfurters
muddy hindquarters
muddy lobsters
muddy oysters
muddy roasters
muddy twisters


marvin gaye


the velvet underground


bo diddley


otis redding


u2


bruce springsteen
bruce mangosteen


jerry lee lewis
berry lee lewis
cherry lee lewis


fats domino
brats domino
fats pompano


the ramones


nirvana


prince
quince


the who


the clash


johnny cash


smokey robinson and the miracles
gnocchi robinson and the miracles
smokey damson and the miracles
smokey delicatessen and the miracles
smokey venison and the miracles
smokey robinson cortland the miracles
smokey robinson and the apples
smokey robinson and the bagels
smokey robinson and the cereals
smokey robinson and the cockles
smokey robinson and the corals
smokey robinson and the lentils
smokey robinson and the mussels
smokey robinson and the noodles
smokey robinson and the pineapples
smokey robinson and the pretzels
smokey robinson and the saddles
smokey robinson and the sorrels
smokey robinson and the sprinkles
smokey robinson and the truffles
smokey robinson and the vegetables
smokey robinson and the waffles
smokey robinson and the winkles


the everly brothers


neil young


michael jackson
cockle jackson
pumpernickel jackson
seckel jackson
winkle jackson
michael damson
michael delicatessen
michael venison


madonna


roy orbison


john lennon
john finnan


david bowie


simon and garfunkel
gammon and garfunkel
lemon and garfunkel
salmon and garfunkel
simon cortland garfunkel
simon and cockle
simon and pumpernickel
simon and seckel
simon and winkle


the doors


van morrison
van damson
van delicatessen
van venison


sly and the family stone
sly cortland the family stone
sly and the broccoli stone


public enemy


the byrds


janis joplin


patti smith
patty smith


elton john
mutton john
plantain john


the band


howlin' wolf


the allman brothers band
the gammon brothers band
the lemon brothers band
the salmon brothers band


eric clapton
eric mutton
eric plantain


dr. dre


grateful dead
truffle dead
waffle dead


parliament/funkadelic


aerosmith


sex pistols
necks pistols
sex apples
sex bagels
sex cereals
sex cockles
sex corals
sex lentils
sex mussels
sex noodles
sex pineapples
sex pretzels
sex saddles
sex sorrels
sex sprinkles
sex truffles
sex vegetables
sex waffles
sex winkles


louis jordan


joni mitchell
bologna mitchell
macaroni mitchell
pepperoni mitchell
rigatoni mitchell


tina turner


etta james
etta games


phil spector


the kinks
the flanks
the franks
the shanks


al green


cream
bream


the temptations
the chickens
the delicatessens
the gammons
the lemons
the mandarins
the melons
the muffins
the onions
the organs
the plantains
the pumpkins
the raisins
the salmons
the scallions
the watermelons


jackie wilson
jackie damson
jackie delicatessen
jackie venison


carl perkins
carl chickens
carl delicatessens
carl gammons
carl lemons
carl mandarins
carl melons
carl muffins
carl onions
carl organs
carl plantains
carl pumpkins
carl raisins
carl salmons
carl scallions
carl watermelons


the police


frank zappa
flank zappa
shank zappa


ac/dc


radiohead


hank williams
flank williams
frank williams
shank williams


the eagles
the apples
the bagels
the cereals
the cockles
the corals
the lentils
the mussels
the noodles
the pineapples
the pretzels
the saddles
the sorrels
the sprinkles
the truffles
the vegetables
the waffles
the winkles


the shirelles


beastie boys


the stooges
the cabbages
the partridges
the sausages


the four tops
the four chops


elvis costello
elvis morello


the drifters
the butters
the eaters
the frankfurters
the hindquarters
the lobsters
the oysters
the roasters
the twisters


eminem


n.w.a.


james taylor
games taylor


black sabbath


tupac shakur


gram parsons
gram chickens
gram delicatessens
gram gammons
gram lemons
gram mandarins
gram melons
gram muffins
gram onions
gram organs
gram plantains
gram pumpkins
gram raisins
gram salmons
gram scallions
gram watermelons


miles davis
chiles davis


the yardbirds


carlos santana
carlos banana


ricky nelson
ricky damson
ricky delicatessen
ricky venison


guns n roses
buns n roses
guns n cheeses


booker t. and the mg's
booker t. cortland the mg's


nine inch nails
nine inch quails
nine inch snails


lynyrd skynyrd


martha and the vandellas
martha cortland the vcortlandellas


diana ross and the supremes
banana ross and the supremes
diana ross cortland the supremes


roxy music


curtis mayfield
lettuce mayfield


lee "scratch" perry
lee "scratch" berry
lee "scratch" cherry


